<?xml version="1.0" encoding="UTF-8"?>
<testsuite name="com.resume_chat_companion.ResumeChatCompanionApplicationTests" tests="1" skipped="0" failures="0" errors="0" timestamp="2025-12-26T11:20:30.010Z" hostname="Fareals-MacBook-Pro.local" time="0.286">
  <properties/>
  <testcase name="contextLoads()" classname="com.resume_chat_companion.ResumeChatCompanionApplicationTests" time="0.286"/>
  <system-out><![CDATA[22:20:29.547 [Test worker] INFO org.springframework.test.context.support.AnnotationConfigContextLoaderUtils -- Could not detect default configuration classes for test class [com.resume_chat_companion.ResumeChatCompanionApplicationTests]: ResumeChatCompanionApplicationTests does not declare any static, non-private, non-final, nested classes annotated with @Configuration.
22:20:29.577 [Test worker] INFO org.springframework.boot.test.context.SpringBootTestContextBootstrapper -- Found @SpringBootConfiguration com.resume_chat_companion.ResumeChatCompanionApplication for test class com.resume_chat_companion.ResumeChatCompanionApplicationTests

  .   ____          _            __ _ _
 /\\ / ___'_ __ _ _(_)_ __  __ _ \ \ \ \
( ( )\___ | '_ | '_| | '_ \/ _` | \ \ \ \
 \\/  ___)| |_)| | | | | || (_| |  ) ) ) )
  '  |____| .__|_| |_|_| |_\__, | / / / /
 =========|_|==============|___/=/_/_/_/

 :: Spring Boot ::                (v4.0.1)

2025-12-26T22:20:29.712+11:00  INFO 1096 --- [resume_chat_companion] [    Test worker] c.r.ResumeChatCompanionApplicationTests  : Starting ResumeChatCompanionApplicationTests using Java 21.0.8 with PID 1096 (started by fareal in /Users/fareal/moname/Repository/resume-chat-companion/backend)
2025-12-26T22:20:29.712+11:00  INFO 1096 --- [resume_chat_companion] [    Test worker] c.r.ResumeChatCompanionApplicationTests  : No active profile set, falling back to 1 default profile: "default"
2025-12-26T22:20:30.007+11:00  INFO 1096 --- [resume_chat_companion] [    Test worker] c.r.ResumeChatCompanionApplicationTests  : Started ResumeChatCompanionApplicationTests in 0.384 seconds (process running for 0.768)
]]></system-out>
  <system-err><![CDATA[Mockito is currently self-attaching to enable the inline-mock-maker. This will no longer work in future releases of the JDK. Please add Mockito as an agent to your build as described in Mockito's documentation: https://javadoc.io/doc/org.mockito/mockito-core/latest/org.mockito/org/mockito/Mockito.html#0.3
WARNING: A Java agent has been loaded dynamically (/Users/fareal/.gradle/caches/modules-2/files-2.1/net.bytebuddy/byte-buddy-agent/1.17.8/f09415827a71be7ed621c7bd02550678f28bc81c/byte-buddy-agent-1.17.8.jar)
WARNING: If a serviceability tool is in use, please run with -XX:+EnableDynamicAgentLoading to hide this warning
WARNING: If a serviceability tool is not in use, please run with -Djdk.instrument.traceUsage for more information
WARNING: Dynamic loading of agents will be disallowed by default in a future release
]]></system-err>
</testsuite>
